01 34.058105
02 0.040283
01 34.053040
02 0.077148
01 34.214396
02 0.085653
01 34.271332
02 0.064789
01 34.054626
01 33.867279
01 33.776764
01 33.558167
01 33.823761
02 0.014465
01 33.840424
01 33.689728
02 0.025085
01 33.730011
01 33.896606
01 33.966400
01 33.864777
01 33.973419
01 33.482239
01 33.071289
02 0.078796
01 33.383728
02 0.307556
01 33.227234
02 0.366852
01 33.644073
02 0.369446
01 34.211853
02 0.279266
01 34.157562
02 0.069550
01 33.974121
02 0.241791
01 42.927917
02 0.225769
01 42.776154
02 0.453308
01 42.608551
02 0.431061
01 42.938019
02 0.230469
01 33.250702
02 0.224457
01 32.360352
01 32.551849
02 0.004669
01 32.455414
01 32.964752
02 0.014435
01 34.268250
02 0.049957
01 34.114807
02 0.023865
01 34.239960
02 0.123260
01 34.498749
01 34.463470
01 34.614929
01 34.561188
01 34.295258
02 0.278198
01 34.069397
02 0.264435
01 34.521179
02 0.216736
01 34.557953
02 0.233124
01 34.839325
02 0.014374
01 34.632721
02 0.074493
01 34.001648
02 0.112793
01 33.861725
02 0.092041
01 33.687469
02 0.086060
01 33.820526
02 0.086182
01 33.555786
01 33.364044
01 33.325195
01 33.282928
01 33.624054
01 33.842499
01 33.861481
01 33.910217
01 33.486755
02 0.032806
01 33.636932
02 0.003876
01 33.704498
02 0.040924
01 32.928467
02 0.009949
01 33.664093
02 0.042694
01 33.548706
02 0.317871
01 33.311035
02 0.224762
01 33.955231
02 10.891113
01 33.804504
02 10.861053
01 33.784119
02 10.719452
01 33.852539
02 10.743652
