01 32.914917
02 0.234131
01 33.117004
02 0.239319
01 33.533895
02 0.362305
01 33.571716
02 0.319611
01 33.765167
02 0.298462
01 33.942932
02 0.265747
01 33.979706
02 0.046936
01 33.980774
02 0.003448
01 34.243958
02 0.143829
01 33.852051
02 0.123291
01 33.466797
02 0.044373
01 33.652100
02 0.886353
01 34.101746
02 0.541382
01 33.570679
02 0.363770
01 42.067719
01 42.405853
01 41.907440
01 42.340698
01 33.988190
02 0.052094
01 32.899780
01 33.023499
01 32.987854
01 32.636017
01 33.622131
01 33.741180
02 0.060760
01 33.857483
02 0.041931
01 33.904297
02 0.035339
01 33.471405
02 0.036255
01 0.098755
02 0.017883
01 0.182576
01 0.236511
02 0.032318
01 0.219391
02 0.029327
01 0.179718
02 0.214722
01 0.068298
02 0.169647
02 0.159851
01 0.179993
02 0.163055
01 0.056274
02 0.013885
01 0.132782
02 0.141693
01 1.412506
02 0.117554
01 1.396973
02 0.104218
01 18.001129
02 0.122559
01 17.939392
02 0.169647
01 16.658722
02 0.128632
01 16.417816
02 0.069336
02 0.023010
01 0.003815
01 0.037262
02 0.105438
01 0.069885
02 0.069702
01 0.250610
02 0.056671
01 0.312500
02 0.108063
01 0.309326
01 0.364685
02 0.019592
01 0.112122
02 0.171875
02 0.209412
02 0.373932
02 0.348450
02 0.167084
01 0.209778
02 0.275635
01 0.334656
02 0.229126
01 0.331665
02 0.305511
01 0.456055
02 0.050171
01 0.032166
01 0.027130
02 1.028992
02 1.002075
02 0.987244
01 0.050354
02 1.116394
01 0.347382
02 0.090118
01 0.369049
02 0.128937
01 0.346924
02 0.150391
01 0.245148
02 0.039459
01 0.030487
02 0.056458
02 0.122223
02 0.095917
02 0.299011
02 0.263458
02 0.205933
02 0.172943
02 0.152008
02 0.061096
